INFO	[2021-05-11 14:20:23:302] <33555> START INIPHP cancel (V5036-141209)(OS:Linux2.6.32-754.35.1.el6.x86_64,PHP:5.6.40)
DEBUG	[2021-05-11 14:20:23:302] <33555> inipayhome:/www_root/shop/inicis
DEBUG	[2021-05-11 14:20:23:302] <33555> debug:false
DEBUG	[2021-05-11 14:20:23:302] <33555> type:cancel
DEBUG	[2021-05-11 14:20:23:302] <33555> mid:iniescrow0
DEBUG	[2021-05-11 14:20:23:302] <33555> admin:1111
DEBUG	[2021-05-11 14:20:23:302] <33555> tid:StdpayCARDiniescrow020210511141149501831
DEBUG	[2021-05-11 14:20:23:302] <33555> cancelmsg:쇼핑몰 운영자 승인 취소
INFO	[2021-05-11 14:20:23:302] <33555> Check Field OK
INFO	[2021-05-11 14:20:23:302] <33555> PI PUB KEY LOAD OK []
INFO	[2021-05-11 14:20:23:324] <33555> PG PUB KEY LOAD OK [30]
INFO	[2021-05-11 14:20:23:333] <33555> MERCHANT PRIV KEY LOAD OK
INFO	[2021-05-11 14:20:23:334] <33555> MERCHANT PUB KEY LOAD OK [0]
DEBUG	[2021-05-11 14:20:23:354] <33555> MAKE ENCRYPT OK[<?xml version="1.0" encoding="UTF-8"?>
<CancelInfo>
	  <CancelTID>StdpayCARDiniescrow020210511141149501831</CancelTID>
	  <CancelMsg urlencode="1">%BC%EE%C7%CE%B8%F4+%BF%EE%BF%B5%C0%DA+%BD%C2%C0%CE+%C3%EB%BC%D2</CancelMsg>
	  <CancelReason/></CancelInfo>]
INFO	[2021-05-11 14:20:23:354] <33555> MAKE BODY OK
INFO	[2021-05-11 14:20:23:355] <33555> SIGN OK
INFO	[2021-05-11 14:20:23:355] <33555> MAKE HEAD OK
INFO	[2021-05-11 14:20:23:356] <33555> MSG_TO_PG:[0096200175D SHA1                   0                                      300420iniescrow0                    StdpayCARDiniescrow020210511141149501831<?xml version="1.0" encoding="UTF-8"?>
<INIpay>
	  <CancelInfo>
	    <SessionKey>zCy0lALdjCu/2cT3WW7MG4F4BaQOhyb/yBZ0XgqPrr3AXpYafN6wGtZFlqYEOLYb
kvJe6/QpaG0JYi32nXAAEkevcqWMaUYD1TIbhQBAndMkqe4GJaB/lTnR3kliM5F7
QNk+HEaUbJ4MJBaXUTuNUx23f7vRVAz+P51ERlLuME7eiJOYFBImpw==
</SessionKey>
	    <Encrypted>ayt7r62gijXGQhkjY8TbDYNg99rKWR3MiDhpLl1s59pzMFsjR+mvJp5bWBnQD2V+
ruynIk5vP4CzpCX9kUww/FFhBDMqXCmT5MU+OMsrCRna6OgI0Sq4r5dL/eBEvGUG
GgTeb3o72A6HAV2oER5ymPlAq9OZEY4HHW93iGSIEfzcpawWssXajhW8aMkuugTV
jh6C4FoVHCC6lvdR7zfxvJIUyzlkvDAVsOFNDwVTdregfV6kEDyAEY9fldNmsJfK
8twGh+kMgYw8K59jr4wodOVh/s6yV5lyNTbpevLOYItbpnvFxBHNTrD+S+q6LOYl
4p+eORtJ/z7Gw81wrw7umA==
</Encrypted></CancelInfo>
	  <ReservedInfo>
	    <MReserved1/>
	    <MReserved2/>
	    <MReserved3/></ReservedInfo>
	  <ManageInfo>
	    <Language/>
	    <URL/>
	    <TXVersion>5036B141209canceLinux     PHPchkfake   2.6.32-754.35.1.el6.x86_64PHP:</TXVersion>
	    <TXUserID/>
	    <TXRegNum/></ManageInfo></INIpay>vhAfYKBG4eMR7hvPaPSwU465qh75sMgAzXWumkSMPTMJUnOZh4Dasgro8vPDWHYi
s2OYMVfSTqRBrLIpnOvacBcHK16qNUOn/eLS6aqZmdvkWfoTYIx3Tm0F1SDs8i9R
oNRaSdqZuRC3rygM1FafbbltvU23nLTz5qJ4H9yRiIc=
]
INFO	[2021-05-11 14:20:23:356] <33555> DNS LOOKUP OK(203.238.37.3:203.238.37.3:34049) laptime:0
INFO	[2021-05-11 14:20:23:358] <33555> SOCKET CONNECT OK
INFO	[2021-05-11 14:20:23:358] <33555> SEND OK
INFO	[2021-05-11 14:20:24:296] <33555> RECV OK
INFO	[2021-05-11 14:20:24:296] <33555> MSG_FROM_PG:[0069700175D SHA1                   0                                      300430iniescrow0                    StdpayCARDiniescrow020210511141149501831<?xml version="1.0" encoding="UTF-8"?><INIpay>
<CancelInfo>
<ResultCode>310000</ResultCode>
<ResultMsg urlencode="1">%C1%A4%BB%F3%C3%B3%B8%AE%BF%CF%B7%E1</ResultMsg>
<SessionKey>ldnBSrPiWn5Cov0t2C9umLDu5nNKMYc5A7PAkzj0ix9ARTN1zXliJPjHCFxSwJHb
G257feBv/iEzgOyjp8b30GncQlgmxE8yqkv7u8BcMzdUV/AWPDKvjaIoNZVIiXgU
nruUCZO+WpKsYKcUXZB+bAChF9WkA9X3Z5ZuW7XNri+RqSo2n8Np8g==
</SessionKey>
<Encrypted>K/LV1vzzH+0bx87zuVbM9vfEDVqqRKC7qWbpox2tdYHbr46EaKHkrErYd8iI+X1F
kHbK5QXcQhGuWiwr5v5x4SRbcXdzoTzjG5+7BTjElNNfKvFmQj9S5kjQdgh5Z/j0
W7m7ApeA4c9XAhp8aW4KvJOZmY+GAp0mxa1q7PBC+Ou5ZUs5mzc8Rf3MLU/SHbbt
IHafdVZn2Vr4M2lKB3N18XEndBtS59cU223nLNFM9BA=
</Encrypted>
</CancelInfo>
<ManageInfo/>
<ReservedInfo/>
</INIpay>
NueTjHcRfHts81RrBXJIh7NCooETeNczrZJgkh8eMmnGd75zzsZ6PHibkoQpRI6s
U7caLVHX6mXni9TTCtil31YjQsdZjivTeshYOgDa5ISTXGO5DYpGoN+Okxtbk0Hi
OF4es5zvXmClWCON4jsZ9HM8Z+kkXT4xcXcgiExQ5Tc=
]
INFO	[2021-05-11 14:20:24:297] <33555> VERIFY OK
INFO	[2021-05-11 14:20:24:297] <33555> PARSE HEAD OK
INFO	[2021-05-11 14:20:24:298] <33555> PARSE BODY OK
INFO	[2021-05-11 14:20:24:300] <33555> DECRYPT OK
DEBUG	[2021-05-11 14:20:24:300] <33555> DECRYPT MSG:[<?xml version="1.0" encoding="UTF-8"?><CancelInfo>
<ResultCode>310000</ResultCode>
<ResultMsg urlencode="1">%C1%A4%BB%F3%C3%B3%B8%AE%BF%CF%B7%E1</ResultMsg>
</CancelInfo>]
INFO	[2021-05-11 14:20:24:300] <33555> DECRYPT PARSE OK
INFO	[2021-05-11 14:20:24:301] <33555> END cancel 정상처리완료 Laptime:[1sec]
INFO	[2021-05-11 14:20:24:301] <33555> ===============================================================
